app/build/intermediates/manifest_merge_blame_file/debug/manifest-merger-blame-debug-report.txt
1<?xml version="1.0" encoding="utf-8"?>
2<manifest xmlns:android="http://schemas.android.com/apk/res/android"
3    package="com.largeevent.management"
4    android:versionCode="1"
5    android:versionName="1.0" >
6
7    <uses-sdk
8        android:minSdkVersion="21"
8-->src/main/AndroidManifest.xml
9        android:targetSdkVersion="34" />
9-->src/main/AndroidManifest.xml
10
11    <!-- 网络权限 -->
12    <uses-permission android:name="android.permission.INTERNET" />
12-->src/main/AndroidManifest.xml:7:5-67
12-->src/main/AndroidManifest.xml:7:22-64
13    <uses-permission android:name="android.permission.ACCESS_NETWORK_STATE" />
13-->src/main/AndroidManifest.xml:8:5-79
13-->src/main/AndroidManifest.xml:8:22-76
14
15    <!-- 存储权限 -->
16    <uses-permission android:name="android.permission.READ_EXTERNAL_STORAGE" />
16-->src/main/AndroidManifest.xml:11:5-80
16-->src/main/AndroidManifest.xml:11:22-77
17    <uses-permission android:name="android.permission.WRITE_EXTERNAL_STORAGE" />
17-->src/main/AndroidManifest.xml:12:5-81
17-->src/main/AndroidManifest.xml:12:22-78
18
19    <!-- 相机权限 -->
20    <uses-permission android:name="android.permission.CAMERA" />
20-->src/main/AndroidManifest.xml:15:5-65
20-->src/main/AndroidManifest.xml:15:22-62
21
22    <!-- NFC权限 -->
23    <uses-permission android:name="android.permission.NFC" />
23-->src/main/AndroidManifest.xml:18:5-62
23-->src/main/AndroidManifest.xml:18:22-59
24
25    <!-- 声明NFC功能 -->
26    <uses-feature
26-->src/main/AndroidManifest.xml:21:5-23:35
27        android:name="android.hardware.nfc"
27-->src/main/AndroidManifest.xml:22:9-44
28        android:required="true" />
28-->src/main/AndroidManifest.xml:23:9-32
29
30    <application
30-->src/main/AndroidManifest.xml:25:5-121:19
31        android:name="com.largeevent.management.LargeEventApplication"
31-->src/main/AndroidManifest.xml:26:9-46
32        android:allowBackup="true"
32-->src/main/AndroidManifest.xml:27:9-35
33        android:appComponentFactory="androidx.core.app.CoreComponentFactory"
33-->[androidx.core:core:1.8.0] AndroidManifest.xml:24:18-86
34        android:dataExtractionRules="@xml/data_extraction_rules"
34-->src/main/AndroidManifest.xml:28:9-65
35        android:debuggable="true"
36        android:fullBackupContent="@xml/backup_rules"
36-->src/main/AndroidManifest.xml:29:9-54
37        android:icon="@mipmap/ic_launcher"
37-->src/main/AndroidManifest.xml:30:9-43
38        android:label="@string/app_name"
38-->src/main/AndroidManifest.xml:31:9-41
39        android:roundIcon="@mipmap/ic_launcher_round"
39-->src/main/AndroidManifest.xml:32:9-54
40        android:supportsRtl="true"
40-->src/main/AndroidManifest.xml:33:9-35
41        android:testOnly="true"
42        android:theme="@style/Theme.largeeventdigitalassistant"
42-->src/main/AndroidManifest.xml:34:9-64
43        android:usesCleartextTraffic="true" >
43-->src/main/AndroidManifest.xml:35:9-44
44        <activity
44-->src/main/AndroidManifest.xml:38:9-41:40
45            android:name="com.largeevent.management.EventSettingsActivity"
45-->src/main/AndroidManifest.xml:40:13-50
46            android:exported="false"
46-->src/main/AndroidManifest.xml:41:13-37
47            android:screenOrientation="portrait" />
47-->src/main/AndroidManifest.xml:39:13-49
48        <activity
48-->src/main/AndroidManifest.xml:43:9-46:40
49            android:name="com.largeevent.management.RecordActivity"
49-->src/main/AndroidManifest.xml:45:13-43
50            android:exported="false"
50-->src/main/AndroidManifest.xml:46:13-37
51            android:screenOrientation="portrait" />
51-->src/main/AndroidManifest.xml:44:13-49
52        <activity
52-->src/main/AndroidManifest.xml:48:9-51:40
53            android:name="com.largeevent.management.DataDetailEntryActivity"
53-->src/main/AndroidManifest.xml:50:13-52
54            android:exported="false"
54-->src/main/AndroidManifest.xml:51:13-37
55            android:screenOrientation="portrait" />
55-->src/main/AndroidManifest.xml:49:13-49
56        <activity
56-->src/main/AndroidManifest.xml:53:9-56:40
57            android:name="com.largeevent.management.CertificateListActivity"
57-->src/main/AndroidManifest.xml:55:13-52
58            android:exported="false"
58-->src/main/AndroidManifest.xml:56:13-37
59            android:screenOrientation="portrait" />
59-->src/main/AndroidManifest.xml:54:13-49
60        <activity
60-->src/main/AndroidManifest.xml:58:9-61:40
61            android:name="com.largeevent.management.CarAndPersonDetailActivity"
61-->src/main/AndroidManifest.xml:60:13-55
62            android:exported="false"
62-->src/main/AndroidManifest.xml:61:13-37
63            android:screenOrientation="portrait" />
63-->src/main/AndroidManifest.xml:59:13-49
64        <activity
64-->src/main/AndroidManifest.xml:63:9-66:40
65            android:name="com.largeevent.management.CarPlateBindActivity"
65-->src/main/AndroidManifest.xml:65:13-49
66            android:exported="false"
66-->src/main/AndroidManifest.xml:66:13-37
67            android:screenOrientation="portrait" />
67-->src/main/AndroidManifest.xml:64:13-49
68        <activity
68-->src/main/AndroidManifest.xml:68:9-71:40
69            android:name="com.largeevent.management.PersonCertBindActivity"
69-->src/main/AndroidManifest.xml:70:13-51
70            android:exported="false"
70-->src/main/AndroidManifest.xml:71:13-37
71            android:screenOrientation="portrait" />
71-->src/main/AndroidManifest.xml:69:13-49
72        <activity
72-->src/main/AndroidManifest.xml:73:9-105:20
73            android:name="com.largeevent.management.MainActivity"
73-->src/main/AndroidManifest.xml:75:13-41
74            android:exported="true"
74-->src/main/AndroidManifest.xml:77:13-36
75            android:launchMode="singleTop"
75-->src/main/AndroidManifest.xml:76:13-43
76            android:screenOrientation="portrait"
76-->src/main/AndroidManifest.xml:74:13-49
77            android:theme="@style/Theme.largeeventdigitalassistant" >
77-->src/main/AndroidManifest.xml:78:13-68
78            <intent-filter>
78-->src/main/AndroidManifest.xml:79:13-82:29
79                <action android:name="android.intent.action.MAIN" />
79-->src/main/AndroidManifest.xml:80:17-69
79-->src/main/AndroidManifest.xml:80:25-66
80
81                <category android:name="android.intent.category.LAUNCHER" />
81-->src/main/AndroidManifest.xml:81:17-77
81-->src/main/AndroidManifest.xml:81:27-74
82            </intent-filter>
83
84            <!-- NFC TAG_DISCOVERED 过滤器 -->
85            <intent-filter>
85-->src/main/AndroidManifest.xml:85:13-88:29
86                <action android:name="android.nfc.action.TAG_DISCOVERED" />
86-->src/main/AndroidManifest.xml:86:17-75
86-->src/main/AndroidManifest.xml:86:25-73
87
88                <category android:name="android.intent.category.DEFAULT" />
88-->src/main/AndroidManifest.xml:87:17-75
88-->src/main/AndroidManifest.xml:87:27-73
89            </intent-filter>
90
91            <!-- NFC TECH_DISCOVERED 过滤器 -->
92            <intent-filter>
92-->src/main/AndroidManifest.xml:91:13-94:29
93                <action android:name="android.nfc.action.TECH_DISCOVERED" />
93-->src/main/AndroidManifest.xml:92:17-76
93-->src/main/AndroidManifest.xml:92:25-74
94
95                <category android:name="android.intent.category.DEFAULT" />
95-->src/main/AndroidManifest.xml:87:17-75
95-->src/main/AndroidManifest.xml:87:27-73
96            </intent-filter>
97
98            <!-- NFC NDEF_DISCOVERED 过滤器 -->
99            <intent-filter>
99-->src/main/AndroidManifest.xml:97:13-101:29
100                <action android:name="android.nfc.action.NDEF_DISCOVERED" />
100-->src/main/AndroidManifest.xml:98:17-76
100-->src/main/AndroidManifest.xml:98:25-74
101
102                <category android:name="android.intent.category.DEFAULT" />
102-->src/main/AndroidManifest.xml:87:17-75
102-->src/main/AndroidManifest.xml:87:27-73
103
104                <data android:mimeType="*/*" />
104-->src/main/AndroidManifest.xml:100:17-47
104-->src/main/AndroidManifest.xml:100:23-45
105            </intent-filter>
106
107            <meta-data
107-->src/main/AndroidManifest.xml:103:13-104:59
108                android:name="android.nfc.action.TECH_DISCOVERED"
108-->src/main/AndroidManifest.xml:103:24-73
109                android:resource="@xml/nfc_tech_filter" />
109-->src/main/AndroidManifest.xml:104:17-56
110        </activity>
111
112        <!-- 文件下载服务 -->
113        <service android:name="com.largeevent.management.download.DownloadService" />
113-->src/main/AndroidManifest.xml:108:9-61
113-->src/main/AndroidManifest.xml:108:18-58
114
115        <!-- FileProvider配置 -->
116        <provider
117            android:name="androidx.core.content.FileProvider"
117-->src/main/AndroidManifest.xml:112:13-62
118            android:authorities="com.largeevent.management.fileprovider"
118-->src/main/AndroidManifest.xml:113:13-64
119            android:exported="false"
119-->src/main/AndroidManifest.xml:114:13-37
120            android:grantUriPermissions="true" >
120-->src/main/AndroidManifest.xml:115:13-47
121            <meta-data
121-->src/main/AndroidManifest.xml:116:13-118:54
122                android:name="android.support.FILE_PROVIDER_PATHS"
122-->src/main/AndroidManifest.xml:117:17-67
123                android:resource="@xml/file_paths" />
123-->src/main/AndroidManifest.xml:118:17-51
124        </provider>
125        <provider
125-->[androidx.emoji2:emoji2:1.2.0] AndroidManifest.xml:24:9-32:20
126            android:name="androidx.startup.InitializationProvider"
126-->[androidx.emoji2:emoji2:1.2.0] AndroidManifest.xml:25:13-67
127            android:authorities="com.largeevent.management.androidx-startup"
127-->[androidx.emoji2:emoji2:1.2.0] AndroidManifest.xml:26:13-68
128            android:exported="false" >
128-->[androidx.emoji2:emoji2:1.2.0] AndroidManifest.xml:27:13-37
129            <meta-data
129-->[androidx.emoji2:emoji2:1.2.0] AndroidManifest.xml:29:13-31:52
130                android:name="androidx.emoji2.text.EmojiCompatInitializer"
130-->[androidx.emoji2:emoji2:1.2.0] AndroidManifest.xml:30:17-75
131                android:value="androidx.startup" />
131-->[androidx.emoji2:emoji2:1.2.0] AndroidManifest.xml:31:17-49
132            <meta-data
132-->[androidx.lifecycle:lifecycle-process:2.4.1] AndroidManifest.xml:31:13-33:52
133                android:name="androidx.lifecycle.ProcessLifecycleInitializer"
133-->[androidx.lifecycle:lifecycle-process:2.4.1] AndroidManifest.xml:32:17-78
134                android:value="androidx.startup" />
134-->[androidx.lifecycle:lifecycle-process:2.4.1] AndroidManifest.xml:33:17-49
135        </provider>
136    </application>
137
138</manifest>